<?xml version="1.0" encoding="UTF-8"?>
<testsuite xmlns:xsi="http://www.w3.org/2001/XMLSchema-instance" xsi:noNamespaceSchemaLocation="https://maven.apache.org/surefire/maven-surefire-plugin/xsd/surefire-test-report-3.0.xsd" version="3.0" name="com.app.integration.UserServiceIntegrationTest" time="8.644" tests="8" errors="0" skipped="0" failures="0">
  <properties>
[...]
</properties>
  <testcase name="shouldGetUserById" classname="com.app.integration.UserServiceIntegrationTest" time="0.482">
    <system-out><![CDATA[22:22:21.533 [main] INFO org.springframework.test.context.support.AnnotationConfigContextLoaderUtils -- Could not detect default configuration classes for test class [com.app.integration.UserServiceIntegrationTest]: UserServiceIntegrationTest does not declare any static, non-private, non-final, nested classes annotated with @Configuration.
22:22:21.638 [main] INFO org.springframework.boot.test.context.SpringBootTestContextBootstrapper -- Found @SpringBootConfiguration com.app.AppsApplication for test class com.app.integration.UserServiceIntegrationTest
22:22:21.740 [main] INFO org.testcontainers.images.PullPolicy -- Image pull policy will be performed by: DefaultPullPolicy()
22:22:21.742 [main] INFO org.testcontainers.utility.ImageNameSubstitutor -- Image name substitution will be performed by: DefaultImageNameSubstitutor (composite of 'ConfigurationFileImageNameSubstitutor' and 'PrefixingImageNameSubstitutor')
22:22:21.918 [main] INFO org.testcontainers.dockerclient.DockerClientProviderStrategy -- Loaded org.testcontainers.dockerclient.NpipeSocketClientProviderStrategy from ~/.testcontainers.properties, will try it first
22:22:22.162 [main] INFO org.testcontainers.dockerclient.DockerClientProviderStrategy -- Found Docker environment with local Npipe socket (npipe:////./pipe/docker_engine)
22:22:22.163 [main] INFO org.testcontainers.DockerClientFactory -- Docker host IP address is localhost
22:22:22.178 [main] INFO org.testcontainers.DockerClientFactory -- Connected to docker: 
  Server Version: 28.4.0
  API Version: 1.51
  Operating System: Docker Desktop
  Total Memory: 15810 MB
22:22:22.299 [main] INFO tc.testcontainers/ryuk:0.5.1 -- Creating container for image: testcontainers/ryuk:0.5.1
22:22:22.406 [main] INFO org.testcontainers.utility.RegistryAuthLocator -- Credential helper/store (docker-credential-desktop) does not have credentials for https://index.docker.io/v1/
22:22:22.516 [main] INFO tc.testcontainers/ryuk:0.5.1 -- Container testcontainers/ryuk:0.5.1 is starting: d1cf2c07fdebcfe665c22fbcca12524ea07ccc9b8536edebea71c8e32f607113
22:22:22.813 [main] INFO tc.testcontainers/ryuk:0.5.1 -- Container testcontainers/ryuk:0.5.1 started in PT0.5136763S
22:22:22.819 [main] INFO org.testcontainers.utility.RyukResourceReaper -- Ryuk started - will monitor and terminate Testcontainers containers on JVM exit
22:22:22.819 [main] INFO org.testcontainers.DockerClientFactory -- Checking the system...
22:22:22.820 [main] INFO org.testcontainers.DockerClientFactory -- ✔︎ Docker server version should be at least 1.6.0
22:22:22.820 [main] INFO tc.postgres:15 -- Creating container for image: postgres:15
22:22:22.821 [main] WARN tc.postgres:15 -- Reuse was requested but the environment does not support the reuse of containers
To enable reuse of containers, you must set 'testcontainers.reuse.enable=true' in a file located at C:\Users\alebe\.testcontainers.properties
22:22:22.893 [main] INFO tc.postgres:15 -- Container postgres:15 is starting: e2fc7fb2e65f5ffef161528eb3fb47e6fb496e3f1cda915ce2d36f3e9ba3131a
22:22:24.253 [main] INFO tc.postgres:15 -- Container postgres:15 started in PT1.4330102S
22:22:24.253 [main] INFO tc.postgres:15 -- Container is started (JDBC URL: jdbc:postgresql://localhost:51112/testdb?loggerLevel=OFF)

  .   ____          _            __ _ _
 /\\ / ___'_ __ _ _(_)_ __  __ _ \ \ \ \
( ( )\___ | '_ | '_| | '_ \/ _` | \ \ \ \
 \\/  ___)| |_)| | | | | || (_| |  ) ) ) )
  '  |____| .__|_| |_|_| |_\__, | / / / /
 =========|_|==============|___/=/_/_/_/
 :: Spring Boot ::                (v3.2.4)

2026-08-12 22:22:24.548 - INFO - [main] - c.a.i.UserServiceIntegrationTest - Starting UserServiceIntegrationTest using Java 22.0.2 with PID 18668 (started by alebe in C:\Users\alebe\IdeaProjects\apps)
2026-08-12 22:22:24.549 - DEBUG - [main] - c.a.i.UserServiceIntegrationTest - Running with Spring Boot v3.2.4, Spring v6.1.5
2026-08-12 22:22:24.549 - INFO - [main] - c.a.i.UserServiceIntegrationTest - No active profile set, falling back to 1 default profile: "default"
2026-08-12 22:22:25.246 - INFO - [main] - o.s.d.r.c.RepositoryConfigurationDelegate - Multiple Spring Data modules found, entering strict repository configuration mode
2026-08-12 22:22:25.247 - INFO - [main] - o.s.d.r.c.RepositoryConfigurationDelegate - Bootstrapping Spring Data JPA repositories in DEFAULT mode.
2026-08-12 22:22:25.357 - INFO - [main] - o.s.d.r.c.RepositoryConfigurationDelegate - Finished Spring Data repository scanning in 104 ms. Found 1 JPA repository interface.
2026-08-12 22:22:25.369 - INFO - [main] - o.s.d.r.c.RepositoryConfigurationDelegate - Multiple Spring Data modules found, entering strict repository configuration mode
2026-08-12 22:22:25.370 - INFO - [main] - o.s.d.r.c.RepositoryConfigurationDelegate - Bootstrapping Spring Data Redis repositories in DEFAULT mode.
2026-08-12 22:22:25.382 - INFO - [main] - o.s.d.r.c.RepositoryConfigurationExtensionSupport - Spring Data Redis - Could not safely identify store assignment for repository candidate interface com.app.repository.UserRepository; If you want this repository to be a Redis repository, consider annotating your entities with one of these annotations: org.springframework.data.redis.core.RedisHash (preferred), or consider extending one of the following types with your repository: org.springframework.data.keyvalue.repository.KeyValueRepository
2026-08-12 22:22:25.383 - INFO - [main] - o.s.d.r.c.RepositoryConfigurationDelegate - Finished Spring Data repository scanning in 5 ms. Found 0 Redis repository interfaces.
2026-08-12 22:22:25.962 - INFO - [main] - o.s.b.w.e.tomcat.TomcatWebServer - Tomcat initialized with port 0 (http)
2026-08-12 22:22:25.973 - INFO - [main] - o.a.catalina.core.StandardService - Starting service [Tomcat]
2026-08-12 22:22:25.974 - INFO - [main] - o.a.catalina.core.StandardEngine - Starting Servlet engine: [Apache Tomcat/10.1.19]
2026-08-12 22:22:26.024 - INFO - [main] - o.a.c.c.C.[Tomcat].[localhost].[/] - Initializing Spring embedded WebApplicationContext
2026-08-12 22:22:26.025 - INFO - [main] - o.s.b.w.s.c.ServletWebServerApplicationContext - Root WebApplicationContext: initialization completed in 1450 ms
2026-08-12 22:22:26.411 - DEBUG - [main] - com.app.filter.RateLimitFilter - Filter 'rateLimitFilter' configured for use
2026-08-12 22:22:26.512 - INFO - [main] - o.h.jpa.internal.util.LogHelper - HHH000204: Processing PersistenceUnitInfo [name: default]
2026-08-12 22:22:26.579 - INFO - [main] - org.hibernate.Version - HHH000412: Hibernate ORM core version 6.4.4.Final
2026-08-12 22:22:26.606 - INFO - [main] - o.h.c.i.RegionFactoryInitiator - HHH000026: Second-level cache disabled
2026-08-12 22:22:26.763 - INFO - [main] - o.s.o.j.p.SpringPersistenceUnitInfo - No LoadTimeWeaver setup: ignoring JPA class transformer
2026-08-12 22:22:26.780 - INFO - [main] - com.zaxxer.hikari.HikariDataSource - HikariPool-1 - Starting...
2026-08-12 22:22:26.889 - INFO - [main] - com.zaxxer.hikari.pool.HikariPool - HikariPool-1 - Added connection org.postgresql.jdbc.PgConnection@4e9d1119
2026-08-12 22:22:26.890 - INFO - [main] - com.zaxxer.hikari.HikariDataSource - HikariPool-1 - Start completed.
2026-08-12 22:22:26.914 - WARN - [main] - org.hibernate.orm.deprecation - HHH90000025: PostgreSQLDialect does not need to be specified explicitly using 'hibernate.dialect' (remove the property setting and it will be selected by default)
2026-08-12 22:22:27.493 - INFO - [main] - o.h.e.t.j.p.i.JtaPlatformInitiator - HHH000489: No JTA platform available (set 'hibernate.transaction.jta.platform' to enable JTA platform integration)
2026-08-12 22:22:27.504 - DEBUG - [main] - org.hibernate.SQL - 
    drop table if exists users cascade
Hibernate: 
    drop table if exists users cascade
2026-08-12 22:22:27.509 - WARN - [main] - o.h.e.jdbc.spi.SqlExceptionHelper - SQL Warning Code: 0, SQLState: 00000
2026-08-12 22:22:27.509 - WARN - [main] - o.h.e.jdbc.spi.SqlExceptionHelper - table "users" does not exist, skipping
2026-08-12 22:22:27.514 - DEBUG - [main] - org.hibernate.SQL - 
    create table users (
        age integer,
        created_at timestamp(6) not null,
        id bigserial not null,
        updated_at timestamp(6),
        email varchar(255) not null unique,
        first_name varchar(255),
        last_name varchar(255),
        password varchar(255) not null,
        primary key (id)
    )
Hibernate: 
    create table users (
        age integer,
        created_at timestamp(6) not null,
        id bigserial not null,
        updated_at timestamp(6),
        email varchar(255) not null unique,
        first_name varchar(255),
        last_name varchar(255),
        password varchar(255) not null,
        primary key (id)
    )
2026-08-12 22:22:27.518 - DEBUG - [main] - org.hibernate.SQL - 
    create index idx_users_age 
       on users (age)
Hibernate: 
    create index idx_users_age 
       on users (age)
2026-08-12 22:22:27.520 - DEBUG - [main] - org.hibernate.SQL - 
    create index idx_users_created_at 
       on users (created_at)
Hibernate: 
    create index idx_users_created_at 
       on users (created_at)
2026-08-12 22:22:27.524 - INFO - [main] - o.s.o.j.LocalContainerEntityManagerFactoryBean - Initialized JPA EntityManagerFactory for persistence unit 'default'
2026-08-12 22:22:27.540 - INFO - [main] - c.a.s.impl.HeavyTaskServiceImpl - === INITIALIZING TASK MAP ===
2026-08-12 22:22:27.540 - INFO - [main] - c.a.s.impl.HeavyTaskServiceImpl - Map size: 0
2026-08-12 22:22:27.725 - INFO - [main] - o.s.d.j.r.query.QueryEnhancerFactory - Hibernate is in classpath; If applicable, HQL parser will be used.
2026-08-12 22:22:28.255 - INFO - [main] - com.app.config.AsyncConfig - Async task executor initialized: corePoolSize=5, maxPoolSize=10, queueCapacity=100
2026-08-12 22:22:28.260 - INFO - [main] - com.app.config.AsyncConfig - Heavy task executor initialized: corePoolSize=2, maxPoolSize=5, queueCapacity=50
2026-08-12 22:22:28.796 - INFO - [main] - o.s.b.a.e.web.EndpointLinksResolver - Exposing 1 endpoint(s) beneath base path '/actuator'
2026-08-12 22:22:28.870 - INFO - [main] - o.s.b.w.e.tomcat.TomcatWebServer - Tomcat started on port 51124 (http) with context path ''
2026-08-12 22:22:28.879 - INFO - [main] - c.a.i.UserServiceIntegrationTest - Started UserServiceIntegrationTest in 4.598 seconds (process running for 7.871)
2026-08-12 22:22:29.310 - DEBUG - [main] - org.hibernate.SQL - 
    /* <criteria> */ select
        ue1_0.id,
        ue1_0.age,
        ue1_0.created_at,
        ue1_0.email,
        ue1_0.first_name,
        ue1_0.last_name,
        ue1_0.password,
        ue1_0.updated_at 
    from
        users ue1_0
Hibernate: 
    /* <criteria> */ select
        ue1_0.id,
        ue1_0.age,
        ue1_0.created_at,
        ue1_0.email,
        ue1_0.first_name,
        ue1_0.last_name,
        ue1_0.password,
        ue1_0.updated_at 
    from
        users ue1_0
2026-08-12 22:22:29.322 - DEBUG - [main] - c.app.service.impl.UserServiceImpl - Creating user with email: jane@example.com
2026-08-12 22:22:29.334 - DEBUG - [main] - org.hibernate.SQL - 
    /* <criteria> */ select
        ue1_0.id 
    from
        users ue1_0 
    where
        ue1_0.email=? 
    fetch
        first ? rows only
Hibernate: 
    /* <criteria> */ select
        ue1_0.id 
    from
        users ue1_0 
    where
        ue1_0.email=? 
    fetch
        first ? rows only
2026-08-12 22:22:29.350 - DEBUG - [main] - org.hibernate.SQL - 
    /* insert for
        com.app.entity.UserEntity */insert 
    into
        users (age, created_at, email, first_name, last_name, password, updated_at) 
    values
        (?, ?, ?, ?, ?, ?, ?)
Hibernate: 
    /* insert for
        com.app.entity.UserEntity */insert 
    into
        users (age, created_at, email, first_name, last_name, password, updated_at) 
    values
        (?, ?, ?, ?, ?, ?, ?)
2026-08-12 22:22:29.357 - INFO - [main] - c.app.service.impl.UserServiceImpl - User created with id: 1
2026-08-12 22:22:29.362 - DEBUG - [main] - c.app.service.impl.UserServiceImpl - Fetching user by id: 1
2026-08-12 22:22:29.367 - DEBUG - [main] - org.hibernate.SQL - 
    select
        ue1_0.id,
        ue1_0.age,
        ue1_0.created_at,
        ue1_0.email,
        ue1_0.first_name,
        ue1_0.last_name,
        ue1_0.password,
        ue1_0.updated_at 
    from
        users ue1_0 
    where
        ue1_0.id=?
Hibernate: 
    select
        ue1_0.id,
        ue1_0.age,
        ue1_0.created_at,
        ue1_0.email,
        ue1_0.first_name,
        ue1_0.last_name,
        ue1_0.password,
        ue1_0.updated_at 
    from
        users ue1_0 
    where
        ue1_0.id=?
]]></system-out>
    <system-err><![CDATA[WARNING: A Java agent has been loaded dynamically (C:\Users\alebe\.m2\repository\net\bytebuddy\byte-buddy-agent\1.14.12\byte-buddy-agent-1.14.12.jar)
WARNING: If a serviceability tool is in use, please run with -XX:+EnableDynamicAgentLoading to hide this warning
WARNING: If a serviceability tool is not in use, please run with -Djdk.instrument.traceUsage for more information
WARNING: Dynamic loading of agents will be disallowed by default in a future release
]]></system-err>
  </testcase>
  <testcase name="shouldUpdateUser" classname="com.app.integration.UserServiceIntegrationTest" time="0.031">
    <system-out><![CDATA[2026-08-12 22:22:29.419 - DEBUG - [main] - org.hibernate.SQL - 
    /* <criteria> */ select
        ue1_0.id,
        ue1_0.age,
        ue1_0.created_at,
        ue1_0.email,
        ue1_0.first_name,
        ue1_0.last_name,
        ue1_0.password,
        ue1_0.updated_at 
    from
        users ue1_0
Hibernate: 
    /* <criteria> */ select
        ue1_0.id,
        ue1_0.age,
        ue1_0.created_at,
        ue1_0.email,
        ue1_0.first_name,
        ue1_0.last_name,
        ue1_0.password,
        ue1_0.updated_at 
    from
        users ue1_0
2026-08-12 22:22:29.427 - DEBUG - [main] - org.hibernate.SQL - 
    /* delete for com.app.entity.UserEntity */delete 
    from
        users 
    where
        id=?
Hibernate: 
    /* delete for com.app.entity.UserEntity */delete 
    from
        users 
    where
        id=?
2026-08-12 22:22:29.430 - DEBUG - [main] - c.app.service.impl.UserServiceImpl - Creating user with email: bob@example.com
2026-08-12 22:22:29.432 - DEBUG - [main] - org.hibernate.SQL - 
    /* <criteria> */ select
        ue1_0.id 
    from
        users ue1_0 
    where
        ue1_0.email=? 
    fetch
        first ? rows only
Hibernate: 
    /* <criteria> */ select
        ue1_0.id 
    from
        users ue1_0 
    where
        ue1_0.email=? 
    fetch
        first ? rows only
2026-08-12 22:22:29.433 - DEBUG - [main] - org.hibernate.SQL - 
    /* insert for
        com.app.entity.UserEntity */insert 
    into
        users (age, created_at, email, first_name, last_name, password, updated_at) 
    values
        (?, ?, ?, ?, ?, ?, ?)
Hibernate: 
    /* insert for
        com.app.entity.UserEntity */insert 
    into
        users (age, created_at, email, first_name, last_name, password, updated_at) 
    values
        (?, ?, ?, ?, ?, ?, ?)
2026-08-12 22:22:29.435 - INFO - [main] - c.app.service.impl.UserServiceImpl - User created with id: 2
2026-08-12 22:22:29.436 - DEBUG - [main] - c.app.service.impl.UserServiceImpl - Updating user with id: 2
2026-08-12 22:22:29.436 - DEBUG - [main] - org.hibernate.SQL - 
    select
        ue1_0.id,
        ue1_0.age,
        ue1_0.created_at,
        ue1_0.email,
        ue1_0.first_name,
        ue1_0.last_name,
        ue1_0.password,
        ue1_0.updated_at 
    from
        users ue1_0 
    where
        ue1_0.id=?
Hibernate: 
    select
        ue1_0.id,
        ue1_0.age,
        ue1_0.created_at,
        ue1_0.email,
        ue1_0.first_name,
        ue1_0.last_name,
        ue1_0.password,
        ue1_0.updated_at 
    from
        users ue1_0 
    where
        ue1_0.id=?
2026-08-12 22:22:29.438 - INFO - [main] - c.app.service.impl.UserServiceImpl - User updated with id: 2
2026-08-12 22:22:29.441 - DEBUG - [main] - org.hibernate.SQL - 
    /* update
        for com.app.entity.UserEntity */update users 
    set
        age=?,
        email=?,
        first_name=?,
        last_name=?,
        password=?,
        updated_at=? 
    where
        id=?
Hibernate: 
    /* update
        for com.app.entity.UserEntity */update users 
    set
        age=?,
        email=?,
        first_name=?,
        last_name=?,
        password=?,
        updated_at=? 
    where
        id=?
]]></system-out>
  </testcase>
  <testcase name="shouldGetUserStatistics" classname="com.app.integration.UserServiceIntegrationTest" time="0.089">
    <system-out><![CDATA[2026-08-12 22:22:29.451 - DEBUG - [main] - org.hibernate.SQL - 
    /* <criteria> */ select
        ue1_0.id,
        ue1_0.age,
        ue1_0.created_at,
        ue1_0.email,
        ue1_0.first_name,
        ue1_0.last_name,
        ue1_0.password,
        ue1_0.updated_at 
    from
        users ue1_0
Hibernate: 
    /* <criteria> */ select
        ue1_0.id,
        ue1_0.age,
        ue1_0.created_at,
        ue1_0.email,
        ue1_0.first_name,
        ue1_0.last_name,
        ue1_0.password,
        ue1_0.updated_at 
    from
        users ue1_0
2026-08-12 22:22:29.453 - DEBUG - [main] - org.hibernate.SQL - 
    /* delete for com.app.entity.UserEntity */delete 
    from
        users 
    where
        id=?
Hibernate: 
    /* delete for com.app.entity.UserEntity */delete 
    from
        users 
    where
        id=?
2026-08-12 22:22:29.455 - DEBUG - [main] - c.app.service.impl.UserServiceImpl - Creating user with email: young@example.com
2026-08-12 22:22:29.456 - DEBUG - [main] - org.hibernate.SQL - 
    /* <criteria> */ select
        ue1_0.id 
    from
        users ue1_0 
    where
        ue1_0.email=? 
    fetch
        first ? rows only
Hibernate: 
    /* <criteria> */ select
        ue1_0.id 
    from
        users ue1_0 
    where
        ue1_0.email=? 
    fetch
        first ? rows only
2026-08-12 22:22:29.458 - DEBUG - [main] - org.hibernate.SQL - 
    /* insert for
        com.app.entity.UserEntity */insert 
    into
        users (age, created_at, email, first_name, last_name, password, updated_at) 
    values
        (?, ?, ?, ?, ?, ?, ?)
Hibernate: 
    /* insert for
        com.app.entity.UserEntity */insert 
    into
        users (age, created_at, email, first_name, last_name, password, updated_at) 
    values
        (?, ?, ?, ?, ?, ?, ?)
2026-08-12 22:22:29.460 - INFO - [main] - c.app.service.impl.UserServiceImpl - User created with id: 3
2026-08-12 22:22:29.461 - DEBUG - [main] - c.app.service.impl.UserServiceImpl - Creating user with email: adult@example.com
2026-08-12 22:22:29.462 - DEBUG - [main] - org.hibernate.SQL - 
    /* <criteria> */ select
        ue1_0.id 
    from
        users ue1_0 
    where
        ue1_0.email=? 
    fetch
        first ? rows only
Hibernate: 
    /* <criteria> */ select
        ue1_0.id 
    from
        users ue1_0 
    where
        ue1_0.email=? 
    fetch
        first ? rows only
2026-08-12 22:22:29.463 - DEBUG - [main] - org.hibernate.SQL - 
    /* insert for
        com.app.entity.UserEntity */insert 
    into
        users (age, created_at, email, first_name, last_name, password, updated_at) 
    values
        (?, ?, ?, ?, ?, ?, ?)
Hibernate: 
    /* insert for
        com.app.entity.UserEntity */insert 
    into
        users (age, created_at, email, first_name, last_name, password, updated_at) 
    values
        (?, ?, ?, ?, ?, ?, ?)
2026-08-12 22:22:29.465 - INFO - [main] - c.app.service.impl.UserServiceImpl - User created with id: 4
2026-08-12 22:22:29.466 - DEBUG - [main] - c.app.service.impl.UserServiceImpl - Creating user with email: middle@example.com
2026-08-12 22:22:29.467 - DEBUG - [main] - org.hibernate.SQL - 
    /* <criteria> */ select
        ue1_0.id 
    from
        users ue1_0 
    where
        ue1_0.email=? 
    fetch
        first ? rows only
Hibernate: 
    /* <criteria> */ select
        ue1_0.id 
    from
        users ue1_0 
    where
        ue1_0.email=? 
    fetch
        first ? rows only
2026-08-12 22:22:29.468 - DEBUG - [main] - org.hibernate.SQL - 
    /* insert for
        com.app.entity.UserEntity */insert 
    into
        users (age, created_at, email, first_name, last_name, password, updated_at) 
    values
        (?, ?, ?, ?, ?, ?, ?)
Hibernate: 
    /* insert for
        com.app.entity.UserEntity */insert 
    into
        users (age, created_at, email, first_name, last_name, password, updated_at) 
    values
        (?, ?, ?, ?, ?, ?, ?)
2026-08-12 22:22:29.470 - INFO - [main] - c.app.service.impl.UserServiceImpl - User created with id: 5
2026-08-12 22:22:29.471 - DEBUG - [main] - c.app.service.impl.UserServiceImpl - Creating user with email: senior@example.com
2026-08-12 22:22:29.472 - DEBUG - [main] - org.hibernate.SQL - 
    /* <criteria> */ select
        ue1_0.id 
    from
        users ue1_0 
    where
        ue1_0.email=? 
    fetch
        first ? rows only
Hibernate: 
    /* <criteria> */ select
        ue1_0.id 
    from
        users ue1_0 
    where
        ue1_0.email=? 
    fetch
        first ? rows only
2026-08-12 22:22:29.474 - DEBUG - [main] - org.hibernate.SQL - 
    /* insert for
        com.app.entity.UserEntity */insert 
    into
        users (age, created_at, email, first_name, last_name, password, updated_at) 
    values
        (?, ?, ?, ?, ?, ?, ?)
Hibernate: 
    /* insert for
        com.app.entity.UserEntity */insert 
    into
        users (age, created_at, email, first_name, last_name, password, updated_at) 
    values
        (?, ?, ?, ?, ?, ?, ?)
2026-08-12 22:22:29.476 - INFO - [main] - c.app.service.impl.UserServiceImpl - User created with id: 6
2026-08-12 22:22:29.477 - DEBUG - [main] - c.app.service.impl.UserServiceImpl - Fetching user statistics with window functions
2026-08-12 22:22:29.517 - DEBUG - [main] - org.hibernate.SQL - 
    /* dynamic native SQL query */ SELECT
        u.id,
        u.email,
        u.first_name,
        u.last_name,
        u.age,
        u.created_at,
        AVG(u.age) OVER () as avg_age,
        PERCENT_RANK() OVER (
    ORDER BY
        u.age) as age_percentile,
        NTILE(4) OVER (
    ORDER BY
        u.age) as age_quartile,
        ROW_NUMBER() OVER (
    ORDER BY
        u.created_at) as user_number 
    FROM
        users u 
    WHERE
        u.age IS NOT NULL 
    ORDER BY
        u.age DESC 
Hibernate: 
    /* dynamic native SQL query */ SELECT
        u.id,
        u.email,
        u.first_name,
        u.last_name,
        u.age,
        u.created_at,
        AVG(u.age) OVER () as avg_age,
        PERCENT_RANK() OVER (
    ORDER BY
        u.age) as age_percentile,
        NTILE(4) OVER (
    ORDER BY
        u.age) as age_quartile,
        ROW_NUMBER() OVER (
    ORDER BY
        u.created_at) as user_number 
    FROM
        users u 
    WHERE
        u.age IS NOT NULL 
    ORDER BY
        u.age DESC 
]]></system-out>
  </testcase>
  <testcase name="shouldCreateUser" classname="com.app.integration.UserServiceIntegrationTest" time="0.019">
    <system-out><![CDATA[2026-08-12 22:22:29.541 - DEBUG - [main] - org.hibernate.SQL - 
    /* <criteria> */ select
        ue1_0.id,
        ue1_0.age,
        ue1_0.created_at,
        ue1_0.email,
        ue1_0.first_name,
        ue1_0.last_name,
        ue1_0.password,
        ue1_0.updated_at 
    from
        users ue1_0
Hibernate: 
    /* <criteria> */ select
        ue1_0.id,
        ue1_0.age,
        ue1_0.created_at,
        ue1_0.email,
        ue1_0.first_name,
        ue1_0.last_name,
        ue1_0.password,
        ue1_0.updated_at 
    from
        users ue1_0
2026-08-12 22:22:29.544 - DEBUG - [main] - org.hibernate.SQL - 
    /* delete for com.app.entity.UserEntity */delete 
    from
        users 
    where
        id=?
Hibernate: 
    /* delete for com.app.entity.UserEntity */delete 
    from
        users 
    where
        id=?
2026-08-12 22:22:29.545 - DEBUG - [main] - org.hibernate.SQL - 
    /* delete for com.app.entity.UserEntity */delete 
    from
        users 
    where
        id=?
Hibernate: 
    /* delete for com.app.entity.UserEntity */delete 
    from
        users 
    where
        id=?
2026-08-12 22:22:29.546 - DEBUG - [main] - org.hibernate.SQL - 
    /* delete for com.app.entity.UserEntity */delete 
    from
        users 
    where
        id=?
Hibernate: 
    /* delete for com.app.entity.UserEntity */delete 
    from
        users 
    where
        id=?
2026-08-12 22:22:29.547 - DEBUG - [main] - org.hibernate.SQL - 
    /* delete for com.app.entity.UserEntity */delete 
    from
        users 
    where
        id=?
Hibernate: 
    /* delete for com.app.entity.UserEntity */delete 
    from
        users 
    where
        id=?
2026-08-12 22:22:29.549 - DEBUG - [main] - c.app.service.impl.UserServiceImpl - Creating user with email: john@example.com
2026-08-12 22:22:29.550 - DEBUG - [main] - org.hibernate.SQL - 
    /* <criteria> */ select
        ue1_0.id 
    from
        users ue1_0 
    where
        ue1_0.email=? 
    fetch
        first ? rows only
Hibernate: 
    /* <criteria> */ select
        ue1_0.id 
    from
        users ue1_0 
    where
        ue1_0.email=? 
    fetch
        first ? rows only
2026-08-12 22:22:29.552 - DEBUG - [main] - org.hibernate.SQL - 
    /* insert for
        com.app.entity.UserEntity */insert 
    into
        users (age, created_at, email, first_name, last_name, password, updated_at) 
    values
        (?, ?, ?, ?, ?, ?, ?)
Hibernate: 
    /* insert for
        com.app.entity.UserEntity */insert 
    into
        users (age, created_at, email, first_name, last_name, password, updated_at) 
    values
        (?, ?, ?, ?, ?, ?, ?)
2026-08-12 22:22:29.553 - INFO - [main] - c.app.service.impl.UserServiceImpl - User created with id: 7
2026-08-12 22:22:29.555 - DEBUG - [main] - org.hibernate.SQL - 
    select
        ue1_0.id,
        ue1_0.age,
        ue1_0.created_at,
        ue1_0.email,
        ue1_0.first_name,
        ue1_0.last_name,
        ue1_0.password,
        ue1_0.updated_at 
    from
        users ue1_0 
    where
        ue1_0.id=?
Hibernate: 
    select
        ue1_0.id,
        ue1_0.age,
        ue1_0.created_at,
        ue1_0.email,
        ue1_0.first_name,
        ue1_0.last_name,
        ue1_0.password,
        ue1_0.updated_at 
    from
        users ue1_0 
    where
        ue1_0.id=?
]]></system-out>
  </testcase>
  <testcase name="shouldGetAllUsers" classname="com.app.integration.UserServiceIntegrationTest" time="0.033">
    <system-out><![CDATA[2026-08-12 22:22:29.562 - DEBUG - [main] - org.hibernate.SQL - 
    /* <criteria> */ select
        ue1_0.id,
        ue1_0.age,
        ue1_0.created_at,
        ue1_0.email,
        ue1_0.first_name,
        ue1_0.last_name,
        ue1_0.password,
        ue1_0.updated_at 
    from
        users ue1_0
Hibernate: 
    /* <criteria> */ select
        ue1_0.id,
        ue1_0.age,
        ue1_0.created_at,
        ue1_0.email,
        ue1_0.first_name,
        ue1_0.last_name,
        ue1_0.password,
        ue1_0.updated_at 
    from
        users ue1_0
2026-08-12 22:22:29.564 - DEBUG - [main] - org.hibernate.SQL - 
    /* delete for com.app.entity.UserEntity */delete 
    from
        users 
    where
        id=?
Hibernate: 
    /* delete for com.app.entity.UserEntity */delete 
    from
        users 
    where
        id=?
2026-08-12 22:22:29.567 - DEBUG - [main] - c.app.service.impl.UserServiceImpl - Creating user with email: user1@example.com
2026-08-12 22:22:29.568 - DEBUG - [main] - org.hibernate.SQL - 
    /* <criteria> */ select
        ue1_0.id 
    from
        users ue1_0 
    where
        ue1_0.email=? 
    fetch
        first ? rows only
Hibernate: 
    /* <criteria> */ select
        ue1_0.id 
    from
        users ue1_0 
    where
        ue1_0.email=? 
    fetch
        first ? rows only
2026-08-12 22:22:29.570 - DEBUG - [main] - org.hibernate.SQL - 
    /* insert for
        com.app.entity.UserEntity */insert 
    into
        users (age, created_at, email, first_name, last_name, password, updated_at) 
    values
        (?, ?, ?, ?, ?, ?, ?)
Hibernate: 
    /* insert for
        com.app.entity.UserEntity */insert 
    into
        users (age, created_at, email, first_name, last_name, password, updated_at) 
    values
        (?, ?, ?, ?, ?, ?, ?)
2026-08-12 22:22:29.572 - INFO - [main] - c.app.service.impl.UserServiceImpl - User created with id: 8
2026-08-12 22:22:29.573 - DEBUG - [main] - c.app.service.impl.UserServiceImpl - Creating user with email: user2@example.com
2026-08-12 22:22:29.574 - DEBUG - [main] - org.hibernate.SQL - 
    /* <criteria> */ select
        ue1_0.id 
    from
        users ue1_0 
    where
        ue1_0.email=? 
    fetch
        first ? rows only
Hibernate: 
    /* <criteria> */ select
        ue1_0.id 
    from
        users ue1_0 
    where
        ue1_0.email=? 
    fetch
        first ? rows only
2026-08-12 22:22:29.576 - DEBUG - [main] - org.hibernate.SQL - 
    /* insert for
        com.app.entity.UserEntity */insert 
    into
        users (age, created_at, email, first_name, last_name, password, updated_at) 
    values
        (?, ?, ?, ?, ?, ?, ?)
Hibernate: 
    /* insert for
        com.app.entity.UserEntity */insert 
    into
        users (age, created_at, email, first_name, last_name, password, updated_at) 
    values
        (?, ?, ?, ?, ?, ?, ?)
2026-08-12 22:22:29.578 - INFO - [main] - c.app.service.impl.UserServiceImpl - User created with id: 9
2026-08-12 22:22:29.579 - DEBUG - [main] - c.app.service.impl.UserServiceImpl - Creating user with email: user3@example.com
2026-08-12 22:22:29.580 - DEBUG - [main] - org.hibernate.SQL - 
    /* <criteria> */ select
        ue1_0.id 
    from
        users ue1_0 
    where
        ue1_0.email=? 
    fetch
        first ? rows only
Hibernate: 
    /* <criteria> */ select
        ue1_0.id 
    from
        users ue1_0 
    where
        ue1_0.email=? 
    fetch
        first ? rows only
2026-08-12 22:22:29.582 - DEBUG - [main] - org.hibernate.SQL - 
    /* insert for
        com.app.entity.UserEntity */insert 
    into
        users (age, created_at, email, first_name, last_name, password, updated_at) 
    values
        (?, ?, ?, ?, ?, ?, ?)
Hibernate: 
    /* insert for
        com.app.entity.UserEntity */insert 
    into
        users (age, created_at, email, first_name, last_name, password, updated_at) 
    values
        (?, ?, ?, ?, ?, ?, ?)
2026-08-12 22:22:29.584 - INFO - [main] - c.app.service.impl.UserServiceImpl - User created with id: 10
2026-08-12 22:22:29.585 - DEBUG - [main] - c.app.service.impl.UserServiceImpl - Fetching all users
2026-08-12 22:22:29.587 - DEBUG - [main] - org.hibernate.SQL - 
    /* <criteria> */ select
        ue1_0.id,
        ue1_0.age,
        ue1_0.created_at,
        ue1_0.email,
        ue1_0.first_name,
        ue1_0.last_name,
        ue1_0.password,
        ue1_0.updated_at 
    from
        users ue1_0
Hibernate: 
    /* <criteria> */ select
        ue1_0.id,
        ue1_0.age,
        ue1_0.created_at,
        ue1_0.email,
        ue1_0.first_name,
        ue1_0.last_name,
        ue1_0.password,
        ue1_0.updated_at 
    from
        users ue1_0
]]></system-out>
  </testcase>
  <testcase name="shouldDeleteUser" classname="com.app.integration.UserServiceIntegrationTest" time="0.046">
    <system-out><![CDATA[2026-08-12 22:22:29.595 - DEBUG - [main] - org.hibernate.SQL - 
    /* <criteria> */ select
        ue1_0.id,
        ue1_0.age,
        ue1_0.created_at,
        ue1_0.email,
        ue1_0.first_name,
        ue1_0.last_name,
        ue1_0.password,
        ue1_0.updated_at 
    from
        users ue1_0
Hibernate: 
    /* <criteria> */ select
        ue1_0.id,
        ue1_0.age,
        ue1_0.created_at,
        ue1_0.email,
        ue1_0.first_name,
        ue1_0.last_name,
        ue1_0.password,
        ue1_0.updated_at 
    from
        users ue1_0
2026-08-12 22:22:29.598 - DEBUG - [main] - org.hibernate.SQL - 
    /* delete for com.app.entity.UserEntity */delete 
    from
        users 
    where
        id=?
Hibernate: 
    /* delete for com.app.entity.UserEntity */delete 
    from
        users 
    where
        id=?
2026-08-12 22:22:29.599 - DEBUG - [main] - org.hibernate.SQL - 
    /* delete for com.app.entity.UserEntity */delete 
    from
        users 
    where
        id=?
Hibernate: 
    /* delete for com.app.entity.UserEntity */delete 
    from
        users 
    where
        id=?
2026-08-12 22:22:29.600 - DEBUG - [main] - org.hibernate.SQL - 
    /* delete for com.app.entity.UserEntity */delete 
    from
        users 
    where
        id=?
Hibernate: 
    /* delete for com.app.entity.UserEntity */delete 
    from
        users 
    where
        id=?
2026-08-12 22:22:29.602 - DEBUG - [main] - c.app.service.impl.UserServiceImpl - Creating user with email: alice@example.com
2026-08-12 22:22:29.603 - DEBUG - [main] - org.hibernate.SQL - 
    /* <criteria> */ select
        ue1_0.id 
    from
        users ue1_0 
    where
        ue1_0.email=? 
    fetch
        first ? rows only
Hibernate: 
    /* <criteria> */ select
        ue1_0.id 
    from
        users ue1_0 
    where
        ue1_0.email=? 
    fetch
        first ? rows only
2026-08-12 22:22:29.605 - DEBUG - [main] - org.hibernate.SQL - 
    /* insert for
        com.app.entity.UserEntity */insert 
    into
        users (age, created_at, email, first_name, last_name, password, updated_at) 
    values
        (?, ?, ?, ?, ?, ?, ?)
Hibernate: 
    /* insert for
        com.app.entity.UserEntity */insert 
    into
        users (age, created_at, email, first_name, last_name, password, updated_at) 
    values
        (?, ?, ?, ?, ?, ?, ?)
2026-08-12 22:22:29.606 - INFO - [main] - c.app.service.impl.UserServiceImpl - User created with id: 11
2026-08-12 22:22:29.614 - DEBUG - [main] - org.hibernate.SQL - 
    /* select
        count(*) 
    from
        UserEntity x */ select
            count(*) 
        from
            users ue1_0
Hibernate: 
    /* select
        count(*) 
    from
        UserEntity x */ select
            count(*) 
        from
            users ue1_0
2026-08-12 22:22:29.617 - DEBUG - [main] - c.app.service.impl.UserServiceImpl - Deleting user with id: 11
2026-08-12 22:22:29.623 - DEBUG - [main] - org.hibernate.SQL - 
    /* select
        count(*) 
    from
        UserEntity x 
    WHERE
        x.id = :id */ select
            count(*) 
        from
            users ue1_0 
        where
            ue1_0.id=?
Hibernate: 
    /* select
        count(*) 
    from
        UserEntity x 
    WHERE
        x.id = :id */ select
            count(*) 
        from
            users ue1_0 
        where
            ue1_0.id=?
2026-08-12 22:22:29.625 - DEBUG - [main] - org.hibernate.SQL - 
    select
        ue1_0.id,
        ue1_0.age,
        ue1_0.created_at,
        ue1_0.email,
        ue1_0.first_name,
        ue1_0.last_name,
        ue1_0.password,
        ue1_0.updated_at 
    from
        users ue1_0 
    where
        ue1_0.id=?
Hibernate: 
    select
        ue1_0.id,
        ue1_0.age,
        ue1_0.created_at,
        ue1_0.email,
        ue1_0.first_name,
        ue1_0.last_name,
        ue1_0.password,
        ue1_0.updated_at 
    from
        users ue1_0 
    where
        ue1_0.id=?
2026-08-12 22:22:29.628 - INFO - [main] - c.app.service.impl.UserServiceImpl - User deleted with id: 11
2026-08-12 22:22:29.629 - DEBUG - [main] - org.hibernate.SQL - 
    /* delete for com.app.entity.UserEntity */delete 
    from
        users 
    where
        id=?
Hibernate: 
    /* delete for com.app.entity.UserEntity */delete 
    from
        users 
    where
        id=?
2026-08-12 22:22:29.631 - DEBUG - [main] - org.hibernate.SQL - 
    /* select
        count(*) 
    from
        UserEntity x */ select
            count(*) 
        from
            users ue1_0
Hibernate: 
    /* select
        count(*) 
    from
        UserEntity x */ select
            count(*) 
        from
            users ue1_0
2026-08-12 22:22:29.634 - DEBUG - [main] - org.hibernate.SQL - 
    select
        ue1_0.id,
        ue1_0.age,
        ue1_0.created_at,
        ue1_0.email,
        ue1_0.first_name,
        ue1_0.last_name,
        ue1_0.password,
        ue1_0.updated_at 
    from
        users ue1_0 
    where
        ue1_0.id=?
Hibernate: 
    select
        ue1_0.id,
        ue1_0.age,
        ue1_0.created_at,
        ue1_0.email,
        ue1_0.first_name,
        ue1_0.last_name,
        ue1_0.password,
        ue1_0.updated_at 
    from
        users ue1_0 
    where
        ue1_0.id=?
]]></system-out>
  </testcase>
  <testcase name="shouldGetUsersGroupedByAge" classname="com.app.integration.UserServiceIntegrationTest" time="0.061">
    <system-out><![CDATA[2026-08-12 22:22:29.642 - DEBUG - [main] - org.hibernate.SQL - 
    /* <criteria> */ select
        ue1_0.id,
        ue1_0.age,
        ue1_0.created_at,
        ue1_0.email,
        ue1_0.first_name,
        ue1_0.last_name,
        ue1_0.password,
        ue1_0.updated_at 
    from
        users ue1_0
Hibernate: 
    /* <criteria> */ select
        ue1_0.id,
        ue1_0.age,
        ue1_0.created_at,
        ue1_0.email,
        ue1_0.first_name,
        ue1_0.last_name,
        ue1_0.password,
        ue1_0.updated_at 
    from
        users ue1_0
2026-08-12 22:22:29.645 - DEBUG - [main] - c.app.service.impl.UserServiceImpl - Creating user with email: young@example.com
2026-08-12 22:22:29.646 - DEBUG - [main] - org.hibernate.SQL - 
    /* <criteria> */ select
        ue1_0.id 
    from
        users ue1_0 
    where
        ue1_0.email=? 
    fetch
        first ? rows only
Hibernate: 
    /* <criteria> */ select
        ue1_0.id 
    from
        users ue1_0 
    where
        ue1_0.email=? 
    fetch
        first ? rows only
2026-08-12 22:22:29.648 - DEBUG - [main] - org.hibernate.SQL - 
    /* insert for
        com.app.entity.UserEntity */insert 
    into
        users (age, created_at, email, first_name, last_name, password, updated_at) 
    values
        (?, ?, ?, ?, ?, ?, ?)
Hibernate: 
    /* insert for
        com.app.entity.UserEntity */insert 
    into
        users (age, created_at, email, first_name, last_name, password, updated_at) 
    values
        (?, ?, ?, ?, ?, ?, ?)
2026-08-12 22:22:29.650 - INFO - [main] - c.app.service.impl.UserServiceImpl - User created with id: 12
2026-08-12 22:22:29.651 - DEBUG - [main] - c.app.service.impl.UserServiceImpl - Creating user with email: young2@example.com
2026-08-12 22:22:29.652 - DEBUG - [main] - org.hibernate.SQL - 
    /* <criteria> */ select
        ue1_0.id 
    from
        users ue1_0 
    where
        ue1_0.email=? 
    fetch
        first ? rows only
Hibernate: 
    /* <criteria> */ select
        ue1_0.id 
    from
        users ue1_0 
    where
        ue1_0.email=? 
    fetch
        first ? rows only
2026-08-12 22:22:29.653 - DEBUG - [main] - org.hibernate.SQL - 
    /* insert for
        com.app.entity.UserEntity */insert 
    into
        users (age, created_at, email, first_name, last_name, password, updated_at) 
    values
        (?, ?, ?, ?, ?, ?, ?)
Hibernate: 
    /* insert for
        com.app.entity.UserEntity */insert 
    into
        users (age, created_at, email, first_name, last_name, password, updated_at) 
    values
        (?, ?, ?, ?, ?, ?, ?)
2026-08-12 22:22:29.655 - INFO - [main] - c.app.service.impl.UserServiceImpl - User created with id: 13
2026-08-12 22:22:29.656 - DEBUG - [main] - c.app.service.impl.UserServiceImpl - Creating user with email: adult@example.com
2026-08-12 22:22:29.657 - DEBUG - [main] - org.hibernate.SQL - 
    /* <criteria> */ select
        ue1_0.id 
    from
        users ue1_0 
    where
        ue1_0.email=? 
    fetch
        first ? rows only
Hibernate: 
    /* <criteria> */ select
        ue1_0.id 
    from
        users ue1_0 
    where
        ue1_0.email=? 
    fetch
        first ? rows only
2026-08-12 22:22:29.659 - DEBUG - [main] - org.hibernate.SQL - 
    /* insert for
        com.app.entity.UserEntity */insert 
    into
        users (age, created_at, email, first_name, last_name, password, updated_at) 
    values
        (?, ?, ?, ?, ?, ?, ?)
Hibernate: 
    /* insert for
        com.app.entity.UserEntity */insert 
    into
        users (age, created_at, email, first_name, last_name, password, updated_at) 
    values
        (?, ?, ?, ?, ?, ?, ?)
2026-08-12 22:22:29.662 - INFO - [main] - c.app.service.impl.UserServiceImpl - User created with id: 14
2026-08-12 22:22:29.664 - DEBUG - [main] - c.app.service.impl.UserServiceImpl - Creating user with email: middle@example.com
2026-08-12 22:22:29.665 - DEBUG - [main] - org.hibernate.SQL - 
    /* <criteria> */ select
        ue1_0.id 
    from
        users ue1_0 
    where
        ue1_0.email=? 
    fetch
        first ? rows only
Hibernate: 
    /* <criteria> */ select
        ue1_0.id 
    from
        users ue1_0 
    where
        ue1_0.email=? 
    fetch
        first ? rows only
2026-08-12 22:22:29.666 - DEBUG - [main] - org.hibernate.SQL - 
    /* insert for
        com.app.entity.UserEntity */insert 
    into
        users (age, created_at, email, first_name, last_name, password, updated_at) 
    values
        (?, ?, ?, ?, ?, ?, ?)
Hibernate: 
    /* insert for
        com.app.entity.UserEntity */insert 
    into
        users (age, created_at, email, first_name, last_name, password, updated_at) 
    values
        (?, ?, ?, ?, ?, ?, ?)
2026-08-12 22:22:29.668 - INFO - [main] - c.app.service.impl.UserServiceImpl - User created with id: 15
2026-08-12 22:22:29.669 - DEBUG - [main] - c.app.service.impl.UserServiceImpl - Creating user with email: senior@example.com
2026-08-12 22:22:29.670 - DEBUG - [main] - org.hibernate.SQL - 
    /* <criteria> */ select
        ue1_0.id 
    from
        users ue1_0 
    where
        ue1_0.email=? 
    fetch
        first ? rows only
Hibernate: 
    /* <criteria> */ select
        ue1_0.id 
    from
        users ue1_0 
    where
        ue1_0.email=? 
    fetch
        first ? rows only
2026-08-12 22:22:29.671 - DEBUG - [main] - org.hibernate.SQL - 
    /* insert for
        com.app.entity.UserEntity */insert 
    into
        users (age, created_at, email, first_name, last_name, password, updated_at) 
    values
        (?, ?, ?, ?, ?, ?, ?)
Hibernate: 
    /* insert for
        com.app.entity.UserEntity */insert 
    into
        users (age, created_at, email, first_name, last_name, password, updated_at) 
    values
        (?, ?, ?, ?, ?, ?, ?)
2026-08-12 22:22:29.673 - INFO - [main] - c.app.service.impl.UserServiceImpl - User created with id: 16
2026-08-12 22:22:29.674 - DEBUG - [main] - c.app.service.impl.UserServiceImpl - Fetching users grouped by age
2026-08-12 22:22:29.696 - DEBUG - [main] - org.hibernate.SQL - 
    /* SELECT
        CASE         
            WHEN u.age BETWEEN 0 AND 17 
                THEN 'Minor'         
            WHEN u.age BETWEEN 18 AND 25 
                THEN 'Young Adult'         
            WHEN u.age BETWEEN 26 AND 40 
                THEN 'Adult'         
            WHEN u.age BETWEEN 41 AND 60 
                THEN 'Middle Age'         
            ELSE 'Senior'     
        END as age_group,
        COUNT(u) as user_count,
        AVG(u.age) as avg_age,
        MIN(u.createdAt) as first_registration,
        MAX(u.createdAt) as last_registration 
    FROM
        UserEntity u 
    WHERE
        u.age IS NOT NULL 
    GROUP BY
        CASE         
            WHEN u.age BETWEEN 0 AND 17 
                THEN 'Minor'         
            WHEN u.age BETWEEN 18 AND 25 
                THEN 'Young Adult'         
            WHEN u.age BETWEEN 26 AND 40 
                THEN 'Adult'         
            WHEN u.age BETWEEN 41 AND 60 
                THEN 'Middle Age'         
            ELSE 'Senior'     
        END 
    ORDER BY
        user_count DESC  */ select
            case 
                when ue1_0.age between 0 and 17 
                    then 'Minor' 
                when ue1_0.age between 18 and 25 
                    then 'Young Adult' 
                when ue1_0.age between 26 and 40 
                    then 'Adult' 
                when ue1_0.age between 41 and 60 
                    then 'Middle Age' 
                else 'Senior' 
            end,
            count(ue1_0.id),
            avg(ue1_0.age),
            min(ue1_0.created_at),
            max(ue1_0.created_at) 
        from
            users ue1_0 
        where
            ue1_0.age is not null 
        group by
            case 
                when ue1_0.age between 0 and 17 
                    then 'Minor' 
                when ue1_0.age between 18 and 25 
                    then 'Young Adult' 
                when ue1_0.age between 26 and 40 
                    then 'Adult' 
                when ue1_0.age between 41 and 60 
                    then 'Middle Age' 
                else 'Senior' 
            end 
        order by
            2 desc
Hibernate: 
    /* SELECT
        CASE         
            WHEN u.age BETWEEN 0 AND 17 
                THEN 'Minor'         
            WHEN u.age BETWEEN 18 AND 25 
                THEN 'Young Adult'         
            WHEN u.age BETWEEN 26 AND 40 
                THEN 'Adult'         
            WHEN u.age BETWEEN 41 AND 60 
                THEN 'Middle Age'         
            ELSE 'Senior'     
        END as age_group,
        COUNT(u) as user_count,
        AVG(u.age) as avg_age,
        MIN(u.createdAt) as first_registration,
        MAX(u.createdAt) as last_registration 
    FROM
        UserEntity u 
    WHERE
        u.age IS NOT NULL 
    GROUP BY
        CASE         
            WHEN u.age BETWEEN 0 AND 17 
                THEN 'Minor'         
            WHEN u.age BETWEEN 18 AND 25 
                THEN 'Young Adult'         
            WHEN u.age BETWEEN 26 AND 40 
                THEN 'Adult'         
            WHEN u.age BETWEEN 41 AND 60 
                THEN 'Middle Age'         
            ELSE 'Senior'     
        END 
    ORDER BY
        user_count DESC  */ select
            case 
                when ue1_0.age between 0 and 17 
                    then 'Minor' 
                when ue1_0.age between 18 and 25 
                    then 'Young Adult' 
                when ue1_0.age between 26 and 40 
                    then 'Adult' 
                when ue1_0.age between 41 and 60 
                    then 'Middle Age' 
                else 'Senior' 
            end,
            count(ue1_0.id),
            avg(ue1_0.age),
            min(ue1_0.created_at),
            max(ue1_0.created_at) 
        from
            users ue1_0 
        where
            ue1_0.age is not null 
        group by
            case 
                when ue1_0.age between 0 and 17 
                    then 'Minor' 
                when ue1_0.age between 18 and 25 
                    then 'Young Adult' 
                when ue1_0.age between 26 and 40 
                    then 'Adult' 
                when ue1_0.age between 41 and 60 
                    then 'Middle Age' 
                else 'Senior' 
            end 
        order by
            2 desc
]]></system-out>
  </testcase>
  <testcase name="shouldThrowExceptionWhenEmailAlreadyExists" classname="com.app.integration.UserServiceIntegrationTest" time="0.023">
    <system-out><![CDATA[2026-08-12 22:22:29.703 - DEBUG - [main] - org.hibernate.SQL - 
    /* <criteria> */ select
        ue1_0.id,
        ue1_0.age,
        ue1_0.created_at,
        ue1_0.email,
        ue1_0.first_name,
        ue1_0.last_name,
        ue1_0.password,
        ue1_0.updated_at 
    from
        users ue1_0
Hibernate: 
    /* <criteria> */ select
        ue1_0.id,
        ue1_0.age,
        ue1_0.created_at,
        ue1_0.email,
        ue1_0.first_name,
        ue1_0.last_name,
        ue1_0.password,
        ue1_0.updated_at 
    from
        users ue1_0
2026-08-12 22:22:29.707 - DEBUG - [main] - org.hibernate.SQL - 
    /* delete for com.app.entity.UserEntity */delete 
    from
        users 
    where
        id=?
Hibernate: 
    /* delete for com.app.entity.UserEntity */delete 
    from
        users 
    where
        id=?
2026-08-12 22:22:29.708 - DEBUG - [main] - org.hibernate.SQL - 
    /* delete for com.app.entity.UserEntity */delete 
    from
        users 
    where
        id=?
Hibernate: 
    /* delete for com.app.entity.UserEntity */delete 
    from
        users 
    where
        id=?
2026-08-12 22:22:29.709 - DEBUG - [main] - org.hibernate.SQL - 
    /* delete for com.app.entity.UserEntity */delete 
    from
        users 
    where
        id=?
Hibernate: 
    /* delete for com.app.entity.UserEntity */delete 
    from
        users 
    where
        id=?
2026-08-12 22:22:29.709 - DEBUG - [main] - org.hibernate.SQL - 
    /* delete for com.app.entity.UserEntity */delete 
    from
        users 
    where
        id=?
Hibernate: 
    /* delete for com.app.entity.UserEntity */delete 
    from
        users 
    where
        id=?
2026-08-12 22:22:29.710 - DEBUG - [main] - org.hibernate.SQL - 
    /* delete for com.app.entity.UserEntity */delete 
    from
        users 
    where
        id=?
Hibernate: 
    /* delete for com.app.entity.UserEntity */delete 
    from
        users 
    where
        id=?
2026-08-12 22:22:29.712 - DEBUG - [main] - c.app.service.impl.UserServiceImpl - Creating user with email: duplicate@example.com
2026-08-12 22:22:29.712 - DEBUG - [main] - org.hibernate.SQL - 
    /* <criteria> */ select
        ue1_0.id 
    from
        users ue1_0 
    where
        ue1_0.email=? 
    fetch
        first ? rows only
Hibernate: 
    /* <criteria> */ select
        ue1_0.id 
    from
        users ue1_0 
    where
        ue1_0.email=? 
    fetch
        first ? rows only
2026-08-12 22:22:29.714 - DEBUG - [main] - org.hibernate.SQL - 
    /* insert for
        com.app.entity.UserEntity */insert 
    into
        users (age, created_at, email, first_name, last_name, password, updated_at) 
    values
        (?, ?, ?, ?, ?, ?, ?)
Hibernate: 
    /* insert for
        com.app.entity.UserEntity */insert 
    into
        users (age, created_at, email, first_name, last_name, password, updated_at) 
    values
        (?, ?, ?, ?, ?, ?, ?)
2026-08-12 22:22:29.715 - INFO - [main] - c.app.service.impl.UserServiceImpl - User created with id: 17
2026-08-12 22:22:29.717 - DEBUG - [main] - c.app.service.impl.UserServiceImpl - Creating user with email: duplicate@example.com
2026-08-12 22:22:29.718 - DEBUG - [main] - org.hibernate.SQL - 
    /* <criteria> */ select
        ue1_0.id 
    from
        users ue1_0 
    where
        ue1_0.email=? 
    fetch
        first ? rows only
Hibernate: 
    /* <criteria> */ select
        ue1_0.id 
    from
        users ue1_0 
    where
        ue1_0.email=? 
    fetch
        first ? rows only
2026-08-12 22:22:29.720 - WARN - [main] - c.app.service.impl.UserServiceImpl - User with email duplicate@example.com already exists
]]></system-out>
  </testcase>
</testsuite>