<?xml version="1.0" encoding="UTF-8"?>
<testsuite xmlns:xsi="http://www.w3.org/2001/XMLSchema-instance" xsi:noNamespaceSchemaLocation="https://maven.apache.org/surefire/maven-surefire-plugin/xsd/surefire-test-report-3.0.xsd" version="3.0" name="com.app.AppsApplicationTests" time="5.28" tests="1" errors="0" skipped="0" failures="0">
  <properties>
[...]
</properties>
  <testcase name="contextLoads" classname="com.app.AppsApplicationTests" time="0.355">
    <system-out><![CDATA[22:20:09.676 [main] INFO org.springframework.test.context.support.AnnotationConfigContextLoaderUtils -- Could not detect default configuration classes for test class [com.app.AppsApplicationTests]: AppsApplicationTests does not declare any static, non-private, non-final, nested classes annotated with @Configuration.
22:20:09.790 [main] INFO org.springframework.boot.test.context.SpringBootTestContextBootstrapper -- Found @SpringBootConfiguration com.app.AppsApplication for test class com.app.AppsApplicationTests

  .   ____          _            __ _ _
 /\\ / ___'_ __ _ _(_)_ __  __ _ \ \ \ \
( ( )\___ | '_ | '_| | '_ \/ _` | \ \ \ \
 \\/  ___)| |_)| | | | | || (_| |  ) ) ) )
  '  |____| .__|_| |_|_| |_\__, | / / / /
 =========|_|==============|___/=/_/_/_/
 :: Spring Boot ::                (v3.2.4)

2026-08-12 22:20:10.179 - INFO - [main] - com.app.AppsApplicationTests - Starting AppsApplicationTests using Java 22.0.2 with PID 17660 (started by alebe in C:\Users\alebe\IdeaProjects\apps)
2026-08-12 22:20:10.180 - DEBUG - [main] - com.app.AppsApplicationTests - Running with Spring Boot v3.2.4, Spring v6.1.5
2026-08-12 22:20:10.180 - INFO - [main] - com.app.AppsApplicationTests - No active profile set, falling back to 1 default profile: "default"
2026-08-12 22:20:10.904 - INFO - [main] - o.s.d.r.c.RepositoryConfigurationDelegate - Multiple Spring Data modules found, entering strict repository configuration mode
2026-08-12 22:20:10.905 - INFO - [main] - o.s.d.r.c.RepositoryConfigurationDelegate - Bootstrapping Spring Data JPA repositories in DEFAULT mode.
2026-08-12 22:20:11.024 - INFO - [main] - o.s.d.r.c.RepositoryConfigurationDelegate - Finished Spring Data repository scanning in 112 ms. Found 1 JPA repository interface.
2026-08-12 22:20:11.036 - INFO - [main] - o.s.d.r.c.RepositoryConfigurationDelegate - Multiple Spring Data modules found, entering strict repository configuration mode
2026-08-12 22:20:11.037 - INFO - [main] - o.s.d.r.c.RepositoryConfigurationDelegate - Bootstrapping Spring Data Redis repositories in DEFAULT mode.
2026-08-12 22:20:11.048 - INFO - [main] - o.s.d.r.c.RepositoryConfigurationExtensionSupport - Spring Data Redis - Could not safely identify store assignment for repository candidate interface com.app.repository.UserRepository; If you want this repository to be a Redis repository, consider annotating your entities with one of these annotations: org.springframework.data.redis.core.RedisHash (preferred), or consider extending one of the following types with your repository: org.springframework.data.keyvalue.repository.KeyValueRepository
2026-08-12 22:20:11.049 - INFO - [main] - o.s.d.r.c.RepositoryConfigurationDelegate - Finished Spring Data repository scanning in 5 ms. Found 0 Redis repository interfaces.
2026-08-12 22:20:11.592 - INFO - [main] - o.h.jpa.internal.util.LogHelper - HHH000204: Processing PersistenceUnitInfo [name: default]
2026-08-12 22:20:11.641 - INFO - [main] - org.hibernate.Version - HHH000412: Hibernate ORM core version 6.4.4.Final
2026-08-12 22:20:11.668 - INFO - [main] - o.h.c.i.RegionFactoryInitiator - HHH000026: Second-level cache disabled
2026-08-12 22:20:11.866 - INFO - [main] - o.s.o.j.p.SpringPersistenceUnitInfo - No LoadTimeWeaver setup: ignoring JPA class transformer
2026-08-12 22:20:11.886 - INFO - [main] - com.zaxxer.hikari.HikariDataSource - HikariPool-1 - Starting...
2026-08-12 22:20:12.001 - INFO - [main] - com.zaxxer.hikari.pool.HikariPool - HikariPool-1 - Added connection org.postgresql.jdbc.PgConnection@9763e61
2026-08-12 22:20:12.002 - INFO - [main] - com.zaxxer.hikari.HikariDataSource - HikariPool-1 - Start completed.
2026-08-12 22:20:12.024 - WARN - [main] - org.hibernate.orm.deprecation - HHH90000025: PostgreSQLDialect does not need to be specified explicitly using 'hibernate.dialect' (remove the property setting and it will be selected by default)
2026-08-12 22:20:12.604 - INFO - [main] - o.h.e.t.j.p.i.JtaPlatformInitiator - HHH000489: No JTA platform available (set 'hibernate.transaction.jta.platform' to enable JTA platform integration)
2026-08-12 22:20:12.615 - DEBUG - [main] - org.hibernate.SQL - 
    drop table if exists users cascade
Hibernate: 
    drop table if exists users cascade
2026-08-12 22:20:12.630 - DEBUG - [main] - org.hibernate.SQL - 
    create table users (
        age integer,
        created_at timestamp(6) not null,
        id bigserial not null,
        updated_at timestamp(6),
        email varchar(255) not null unique,
        first_name varchar(255),
        last_name varchar(255),
        password varchar(255) not null,
        primary key (id)
    )
Hibernate: 
    create table users (
        age integer,
        created_at timestamp(6) not null,
        id bigserial not null,
        updated_at timestamp(6),
        email varchar(255) not null unique,
        first_name varchar(255),
        last_name varchar(255),
        password varchar(255) not null,
        primary key (id)
    )
2026-08-12 22:20:12.641 - DEBUG - [main] - org.hibernate.SQL - 
    create index idx_users_age 
       on users (age)
Hibernate: 
    create index idx_users_age 
       on users (age)
2026-08-12 22:20:12.645 - DEBUG - [main] - org.hibernate.SQL - 
    create index idx_users_created_at 
       on users (created_at)
Hibernate: 
    create index idx_users_created_at 
       on users (created_at)
2026-08-12 22:20:12.651 - INFO - [main] - o.s.o.j.LocalContainerEntityManagerFactoryBean - Initialized JPA EntityManagerFactory for persistence unit 'default'
2026-08-12 22:20:12.670 - INFO - [main] - c.a.s.impl.HeavyTaskServiceImpl - === INITIALIZING TASK MAP ===
2026-08-12 22:20:12.670 - INFO - [main] - c.a.s.impl.HeavyTaskServiceImpl - Map size: 0
2026-08-12 22:20:12.903 - INFO - [main] - o.s.d.j.r.query.QueryEnhancerFactory - Hibernate is in classpath; If applicable, HQL parser will be used.
2026-08-12 22:20:13.664 - INFO - [main] - com.app.config.AsyncConfig - Async task executor initialized: corePoolSize=5, maxPoolSize=10, queueCapacity=100
2026-08-12 22:20:13.669 - INFO - [main] - com.app.config.AsyncConfig - Heavy task executor initialized: corePoolSize=2, maxPoolSize=5, queueCapacity=50
2026-08-12 22:20:14.353 - INFO - [main] - o.s.b.a.e.web.EndpointLinksResolver - Exposing 1 endpoint(s) beneath base path '/actuator'
2026-08-12 22:20:14.407 - INFO - [main] - com.app.AppsApplicationTests - Started AppsApplicationTests in 4.509 seconds (process running for 5.266)
]]></system-out>
    <system-err><![CDATA[WARNING: A Java agent has been loaded dynamically (C:\Users\alebe\.m2\repository\net\bytebuddy\byte-buddy-agent\1.14.12\byte-buddy-agent-1.14.12.jar)
WARNING: If a serviceability tool is in use, please run with -XX:+EnableDynamicAgentLoading to hide this warning
WARNING: If a serviceability tool is not in use, please run with -Djdk.instrument.traceUsage for more information
WARNING: Dynamic loading of agents will be disallowed by default in a future release
]]></system-err>
  </testcase>
</testsuite>